I  [INFOS] Light 10/04/2020 < 17:20:26.3307 > L'utilisateur duv pierro est connecté en tant qu'Admin
I  [INFOS] Light 10/04/2020 < 17:20:26.3932 > Retourne tous les utilisateurs
I  [INFOS] Light 10/04/2020 < 17:20:26.4088 > Retourne le role qui a pour Id : 1
I  [INFOS] Light 10/04/2020 < 17:20:26.4245 > Retourne le role qui a pour Id : 1
I  [INFOS] Light 10/04/2020 < 17:20:26.4315 > Retourne le role qui a pour Id : 2
I  [INFOS] Light 10/04/2020 < 17:21:32.3889 > Retourne tous les utilisateurs
I  [INFOS] Light 10/04/2020 < 17:21:32.4045 > Retourne le role qui a pour Id : 1
I  [INFOS] Light 10/04/2020 < 17:21:32.4201 > Retourne le role qui a pour Id : 2
I  [INFOS] Light 10/04/2020 < 17:21:32.4357 > Retourne le role qui a pour Id : 1
I  [INFOS] Light 10/04/2020 < 17:21:34.2717 > Retourne tous les utilisateurs
I  [INFOS] Light 10/04/2020 < 17:21:34.2939 > Retourne le role qui a pour Id : 1
I  [INFOS] Light 10/04/2020 < 17:21:34.3095 > Retourne le role qui a pour Id : 2
I  [INFOS] Light 10/04/2020 < 17:21:34.3095 > Retourne le role qui a pour Id : 1
I  [INFOS] Light 10/04/2020 < 17:21:35.9104 > Retourne tous les utilisateurs
I  [INFOS] Light 10/04/2020 < 17:21:35.9257 > Retourne le role qui a pour Id : 1
I  [INFOS] Light 10/04/2020 < 17:21:35.9458 > Retourne le role qui a pour Id : 1
I  [INFOS] Light 10/04/2020 < 17:21:35.9614 > Retourne le role qui a pour Id : 2
I  [INFOS] Light 10/04/2020 < 17:21:39.4531 > Retourne tous les utilisateurs
I  [INFOS] Light 10/04/2020 < 17:21:39.4684 > Retourne le role qui a pour Id : 1
I  [INFOS] Light 10/04/2020 < 17:21:39.4840 > Retourne le role qui a pour Id : 2
I  [INFOS] Light 10/04/2020 < 17:21:39.4997 > Retourne le role qui a pour Id : 1
I  [INFOS] Light 10/04/2020 < 17:21:42.7399 > Retourne tous les utilisateurs
I  [INFOS] Light 10/04/2020 < 17:21:42.7464 > Retourne le role qui a pour Id : 1
I  [INFOS] Light 10/04/2020 < 17:21:42.7621 > Retourne le role qui a pour Id : 2
I  [INFOS] Light 10/04/2020 < 17:21:42.7777 > Retourne le role qui a pour Id : 1
I  [INFOS] Light 10/04/2020 < 17:21:44.0294 > Retourne tous les utilisateurs
I  [INFOS] Light 10/04/2020 < 17:21:44.0513 > Retourne le role qui a pour Id : 1
I  [INFOS] Light 10/04/2020 < 17:21:44.0669 > Retourne le role qui a pour Id : 1
I  [INFOS] Light 10/04/2020 < 17:21:44.0825 > Retourne le role qui a pour Id : 2
I  [INFOS] Light 10/04/2020 < 17:21:47.1972 > Retourne tous les utilisateurs
I  [INFOS] Light 10/04/2020 < 17:21:47.2126 > Retourne le role qui a pour Id : 1
I  [INFOS] Light 10/04/2020 < 17:21:47.2282 > Retourne le role qui a pour Id : 2
I  [INFOS] Light 10/04/2020 < 17:21:47.2438 > Retourne le role qui a pour Id : 1
I  [INFOS] Light 10/04/2020 < 17:21:48.2714 > Retourne tous les utilisateurs
I  [INFOS] Light 10/04/2020 < 17:21:48.2870 > Retourne le role qui a pour Id : 1
I  [INFOS] Light 10/04/2020 < 17:21:48.3027 > Retourne le role qui a pour Id : 2
I  [INFOS] Light 10/04/2020 < 17:21:48.3183 > Retourne le role qui a pour Id : 1
I  [INFOS] Light 10/04/2020 < 17:21:51.0130 > Retourne tous les utilisateurs
I  [INFOS] Light 10/04/2020 < 17:21:51.0287 > Retourne le role qui a pour Id : 1
I  [INFOS] Light 10/04/2020 < 17:21:51.0599 > Retourne le role qui a pour Id : 1
I  [INFOS] Light 10/04/2020 < 17:21:51.0599 > Retourne le role qui a pour Id : 2
I  [INFOS] Light 10/04/2020 < 17:21:57.9499 > Retourne tous les roles
I  [INFOS] Light 10/04/2020 < 17:22:37.1167 > L'utilisateur arabian mickael est connecté en tant qu'Utilisateur
I  [INFOS] Light 10/04/2020 < 17:22:48.6444 > L'utilisateur duv pierro est connecté en tant qu'Admin
I  [INFOS] Light 10/04/2020 < 17:22:48.6929 > Retourne tous les utilisateurs
I  [INFOS] Light 10/04/2020 < 17:22:48.7030 > Retourne le role qui a pour Id : 1
I  [INFOS] Light 10/04/2020 < 17:22:48.7151 > Retourne le role qui a pour Id : 1
I  [INFOS] Light 10/04/2020 < 17:22:48.7332 > Retourne le role qui a pour Id : 2
