I  [INFOS] Light 09/04/2020 < 14:57:25.6479 > L'utilisateur duv pierro est connecté en tant qu'Utilisateur
I  [INFOS] Light 09/04/2020 < 14:59:47.2881 > L'utilisateur duv pierro est connecté en tant qu'Utilisateur
I  [INFOS] Light 09/04/2020 < 15:01:55.7773 > L'utilisateur duv pierro est connecté en tant qu'Admin
I  [INFOS] Light 09/04/2020 < 15:02:21.5400 > Retourne tous les utilisateurs
I  [INFOS] Light 09/04/2020 < 15:02:21.5556 > Retourne l'utilitée qui a pour Id : 2
I  [INFOS] Light 09/04/2020 < 16:41:45.0231 > L'utilisateur duv pierro est connecté en tant qu'Admin
I  [INFOS] Light 09/04/2020 < 16:41:45.1006 > Retourne tous les utilisateurs
I  [INFOS] Light 09/04/2020 < 16:41:45.1246 > Retourne l'utilitée qui a pour Id : 2
I  [INFOS] Light 09/04/2020 < 16:41:57.8914 > Retourne tous les utilisateurs
I  [INFOS] Light 09/04/2020 < 16:41:59.4770 > Retourne tous les utilisateurs
I  [INFOS] Light 09/04/2020 < 16:42:01.2569 > Retourne tous les utilisateurs
I  [INFOS] Light 09/04/2020 < 16:42:01.9658 > Retourne tous les utilisateurs
I  [INFOS] Light 09/04/2020 < 16:42:02.4415 > Retourne tous les utilisateurs
I  [INFOS] Light 09/04/2020 < 16:42:02.8206 > Retourne tous les utilisateurs
I  [INFOS] Light 09/04/2020 < 16:42:09.9081 > Retourne tous les utilisateurs
I  [INFOS] Light 09/04/2020 < 16:42:09.9289 > Retourne l'utilitée qui a pour Id : 2
I  [INFOS] Light 09/04/2020 < 16:42:13.3116 > Retourne tous les utilisateurs
I  [INFOS] Light 09/04/2020 < 16:42:16.0214 > Retourne tous les utilisateurs
I  [INFOS] Light 09/04/2020 < 16:42:16.0376 > Retourne l'utilitée qui a pour Id : 2
I  [INFOS] Light 09/04/2020 < 16:42:18.2323 > Retourne tous les utilisateurs
I  [INFOS] Light 09/04/2020 < 16:42:18.2506 > Retourne l'utilitée qui a pour Id : 2
I  [INFOS] Light 09/04/2020 < 16:42:19.8569 > Retourne tous les utilisateurs
I  [INFOS] Light 09/04/2020 < 16:42:19.8769 > Retourne l'utilitée qui a pour Id : 2
I  [INFOS] Light 09/04/2020 < 16:42:49.0737 > L'utilisateur duv pierro est connecté en tant qu'Admin
I  [INFOS] Light 09/04/2020 < 16:42:49.1295 > Retourne tous les utilisateurs
I  [INFOS] Light 09/04/2020 < 16:42:49.1535 > Retourne l'utilitée qui a pour Id : 2
I  [INFOS] Light 09/04/2020 < 16:42:55.4420 > Retourne l'utilitée qui a pour Id : 2
I  [INFOS] Light 09/04/2020 < 16:43:07.8480 > Retourne l'utilitée qui a pour Id : 2
I  [INFOS] Light 09/04/2020 < 20:52:43.7311 > L'utilisateur duv pierro est connecté en tant qu'Admin
I  [INFOS] Light 09/04/2020 < 20:52:43.8026 > Retourne tous les utilisateurs
I  [INFOS] Light 09/04/2020 < 20:52:43.8208 > Retourne l'utilitée qui a pour Id : 2
I  [INFOS] Light 09/04/2020 < 20:53:00.2486 > Retourne tous les utilisateurs
I  [INFOS] Light 09/04/2020 < 20:53:01.6644 > Retourne tous les utilisateurs
I  [INFOS] Light 09/04/2020 < 20:53:07.4158 > Retourne tous les utilisateurs
I  [INFOS] Light 09/04/2020 < 20:53:07.4425 > Retourne l'utilitée qui a pour Id : 2
I  [INFOS] Light 09/04/2020 < 20:53:10.5812 > Retourne tous les utilisateurs
I  [INFOS] Light 09/04/2020 < 20:53:10.5911 > Retourne l'utilitée qui a pour Id : 2
I  [INFOS] Light 09/04/2020 < 20:53:17.7313 > Retourne tous les utilisateurs
I  [INFOS] Light 09/04/2020 < 20:53:17.7413 > Retourne l'utilitée qui a pour Id : 2
I  [INFOS] Light 09/04/2020 < 20:55:50.0108 > L'utilisateur duv pierro est connecté en tant qu'Admin
I  [INFOS] Light 09/04/2020 < 20:55:50.0710 > Retourne tous les utilisateurs
I  [INFOS] Light 09/04/2020 < 20:55:50.0961 > Retourne l'utilitée qui a pour Id : 2
I  [INFOS] Light 09/04/2020 < 20:57:10.3408 > Retourne l'utilitée qui a pour Id : 2
I  [INFOS] Light 09/04/2020 < 22:50:41.9728 > L'utilisateur durand victor est connecté en tant qu'Utilisateur
I  [INFOS] Light 09/04/2020 < 22:50:44.8819 > Retourne tous les contrats
I  [INFOS] Light 09/04/2020 < 22:50:44.9368 > Retourne l'entreprise qui a pour Id : 1
I  [INFOS] Light 09/04/2020 < 22:50:44.9857 > Retourne le brevet qui a pour Id : 1
I  [INFOS] Light 09/04/2020 < 22:50:45.0258 > Retourne l'entreprise qui a pour Id : 3
I  [INFOS] Light 09/04/2020 < 22:50:45.0328 > Retourne le brevet qui a pour Id : 2
I  [INFOS] Light 09/04/2020 < 22:50:47.0261 > Retourne tous les contrats
I  [INFOS] Light 09/04/2020 < 22:50:47.0500 > Retourne l'entreprise qui a pour Id : 1
I  [INFOS] Light 09/04/2020 < 22:50:47.0610 > Retourne le brevet qui a pour Id : 1
I  [INFOS] Light 09/04/2020 < 22:50:47.0879 > Retourne l'entreprise qui a pour Id : 3
I  [INFOS] Light 09/04/2020 < 22:50:47.1019 > Retourne le brevet qui a pour Id : 2
I  [INFOS] Light 09/04/2020 < 22:50:47.6518 > Retourne tous les contrats
I  [INFOS] Light 09/04/2020 < 22:50:47.6688 > Retourne l'entreprise qui a pour Id : 1
I  [INFOS] Light 09/04/2020 < 22:50:47.6857 > Retourne le brevet qui a pour Id : 1
I  [INFOS] Light 09/04/2020 < 22:50:47.7127 > Retourne l'entreprise qui a pour Id : 3
I  [INFOS] Light 09/04/2020 < 22:50:47.7242 > Retourne le brevet qui a pour Id : 2
I  [INFOS] Light 09/04/2020 < 22:50:48.1234 > Retourne tous les contrats
I  [INFOS] Light 09/04/2020 < 22:50:48.1463 > Retourne l'entreprise qui a pour Id : 1
I  [INFOS] Light 09/04/2020 < 22:50:48.1578 > Retourne le brevet qui a pour Id : 1
I  [INFOS] Light 09/04/2020 < 22:50:48.1908 > Retourne l'entreprise qui a pour Id : 3
I  [INFOS] Light 09/04/2020 < 22:50:48.2027 > Retourne le brevet qui a pour Id : 2
I  [INFOS] Light 09/04/2020 < 22:50:48.4431 > Retourne tous les contrats
I  [INFOS] Light 09/04/2020 < 22:50:48.4631 > Retourne l'entreprise qui a pour Id : 1
I  [INFOS] Light 09/04/2020 < 22:50:48.4790 > Retourne le brevet qui a pour Id : 1
I  [INFOS] Light 09/04/2020 < 22:50:48.5159 > Retourne l'entreprise qui a pour Id : 3
I  [INFOS] Light 09/04/2020 < 22:50:48.5299 > Retourne le brevet qui a pour Id : 2
I  [INFOS] Light 09/04/2020 < 22:50:49.2850 > Retourne tous les brevets
I  [INFOS] Light 09/04/2020 < 22:50:49.3109 > Retourne la molécule qui a pour Id : 2
I  [INFOS] Light 09/04/2020 < 22:50:49.3618 > Retourne l'entreprise qui a pour Id : 2
I  [INFOS] Light 09/04/2020 < 22:50:49.3878 > Retourne la molécule qui a pour Id : 1
I  [INFOS] Light 09/04/2020 < 22:50:49.3958 > Retourne l'entreprise qui a pour Id : 1
I  [INFOS] Light 09/04/2020 < 22:50:50.2790 > Retourne tous les brevets
I  [INFOS] Light 09/04/2020 < 22:50:50.2950 > Retourne la molécule qui a pour Id : 1
I  [INFOS] Light 09/04/2020 < 22:50:50.3080 > Retourne l'entreprise qui a pour Id : 1
I  [INFOS] Light 09/04/2020 < 22:50:50.3439 > Retourne la molécule qui a pour Id : 2
I  [INFOS] Light 09/04/2020 < 22:50:50.3518 > Retourne l'entreprise qui a pour Id : 2
I  [INFOS] Light 09/04/2020 < 22:50:50.9031 > Retourne tous les brevets
I  [INFOS] Light 09/04/2020 < 22:50:50.9250 > Retourne la molécule qui a pour Id : 1
I  [INFOS] Light 09/04/2020 < 22:50:50.9340 > Retourne l'entreprise qui a pour Id : 1
I  [INFOS] Light 09/04/2020 < 22:50:50.9629 > Retourne la molécule qui a pour Id : 2
I  [INFOS] Light 09/04/2020 < 22:50:50.9759 > Retourne l'entreprise qui a pour Id : 2
I  [INFOS] Light 09/04/2020 < 22:50:51.6969 > Retourne tous les brevets
I  [INFOS] Light 09/04/2020 < 22:50:51.7109 > Retourne la molécule qui a pour Id : 2
I  [INFOS] Light 09/04/2020 < 22:50:51.7189 > Retourne l'entreprise qui a pour Id : 2
I  [INFOS] Light 09/04/2020 < 22:50:51.7458 > Retourne la molécule qui a pour Id : 1
I  [INFOS] Light 09/04/2020 < 22:50:51.7548 > Retourne l'entreprise qui a pour Id : 1
I  [INFOS] Light 09/04/2020 < 22:50:52.9012 > Retourne toutes les entreprises
I  [INFOS] Light 09/04/2020 < 22:50:53.8499 > Retourne toutes les entreprises
I  [INFOS] Light 09/04/2020 < 22:50:54.9778 > Retourne toutes les entreprises
I  [INFOS] Light 09/04/2020 < 22:50:56.9140 > Retourne tous les molécules
I  [INFOS] Light 09/04/2020 < 22:51:02.1221 > Retourne tous les molécules
I  [INFOS] Light 09/04/2020 < 22:51:04.2178 > Retourne tous les molécules
I  [INFOS] Light 09/04/2020 < 22:51:07.8440 > Retourne tous les molécules
I  [INFOS] Light 09/04/2020 < 22:51:09.8497 > Retourne tous les molécules
I  [INFOS] Light 09/04/2020 < 22:51:11.3048 > Retourne tous les molécules
I  [INFOS] Light 09/04/2020 < 22:51:13.4597 > Retourne toutes les utilitées
I  [INFOS] Light 09/04/2020 < 22:51:13.4960 > Retourne la molécule qui a pour Id : 1
I  [INFOS] Light 09/04/2020 < 22:51:13.5229 > Retourne la molécule qui a pour Id : 2
I  [INFOS] Light 09/04/2020 < 22:51:13.5538 > Retourne la molécule qui a pour Id : 4
I  [INFOS] Light 09/04/2020 < 22:51:13.5837 > Retourne la molécule qui a pour Id : 5
I  [INFOS] Light 09/04/2020 < 22:51:16.6810 > Retourne la molécule qui a pour Id : 5
I  [INFOS] Light 09/04/2020 < 22:51:22.5163 > Retourne l'id de la molécule qui a pour Nom : Protoxyde d'azote
I  [INFOS] Light 09/04/2020 < 22:51:22.7676 > On met à jour une entreprise qui a pour Id : 8 et pour Nom : test
I  [INFOS] Light 09/04/2020 < 22:51:24.2450 > Retourne toutes les utilitées
I  [INFOS] Light 09/04/2020 < 22:51:24.2839 > Retourne la molécule qui a pour Id : 1
I  [INFOS] Light 09/04/2020 < 22:51:24.3268 > Retourne la molécule qui a pour Id : 2
I  [INFOS] Light 09/04/2020 < 22:51:24.3597 > Retourne la molécule qui a pour Id : 4
I  [INFOS] Light 09/04/2020 < 22:51:24.3867 > Retourne la molécule qui a pour Id : 5
I  [INFOS] Light 09/04/2020 < 22:51:26.9801 > L'utilitée nommée : test a correctement été supprimée
I  [INFOS] Light 09/04/2020 < 22:51:27.0000 > Retourne toutes les utilitées
I  [INFOS] Light 09/04/2020 < 22:51:27.0369 > Retourne la molécule qui a pour Id : 1
I  [INFOS] Light 09/04/2020 < 22:51:27.0638 > Retourne la molécule qui a pour Id : 2
I  [INFOS] Light 09/04/2020 < 22:51:27.1017 > Retourne la molécule qui a pour Id : 4
I  [INFOS] Light 09/04/2020 < 22:51:30.1430 > Retourne tous les molécules
I  [INFOS] Light 09/04/2020 < 22:51:35.0929 > Retourne l'id de la molécule qui a pour Nom : Protoxyde d'azote
I  [INFOS] Light 09/04/2020 < 22:51:35.1348 > On ajoute une nouvelle utilitée qui a pour Nom : test
I  [INFOS] Light 09/04/2020 < 22:51:36.2699 > Retourne toutes les utilitées
I  [INFOS] Light 09/04/2020 < 22:51:36.2928 > Retourne la molécule qui a pour Id : 1
I  [INFOS] Light 09/04/2020 < 22:51:36.3227 > Retourne la molécule qui a pour Id : 2
I  [INFOS] Light 09/04/2020 < 22:51:36.3586 > Retourne la molécule qui a pour Id : 4
I  [INFOS] Light 09/04/2020 < 22:51:36.3771 > Retourne la molécule qui a pour Id : 5
I  [INFOS] Light 09/04/2020 < 22:51:43.1306 > Retourne tous les brevets
I  [INFOS] Light 09/04/2020 < 22:51:44.0841 > Retourne toutes les entreprises
I  [INFOS] Light 09/04/2020 < 22:51:52.6919 > Retourne la plus petite et la plus grande année dans les contrats
I  [INFOS] Light 09/04/2020 < 22:51:52.7208 > Retourne la somme des contrats en fonction de l'année(2010) et du mois(0)
I  [INFOS] Light 09/04/2020 < 22:51:52.7428 > Retourne la somme des contrats en fonction de l'année(2010) et du mois(1)
I  [INFOS] Light 09/04/2020 < 22:51:52.7577 > Retourne la somme des contrats en fonction de l'année(2010) et du mois(2)
I  [INFOS] Light 09/04/2020 < 22:51:52.7697 > Retourne la somme des contrats en fonction de l'année(2010) et du mois(3)
I  [INFOS] Light 09/04/2020 < 22:51:52.7807 > Retourne la somme des contrats en fonction de l'année(2010) et du mois(4)
I  [INFOS] Light 09/04/2020 < 22:51:52.7936 > Retourne la somme des contrats en fonction de l'année(2010) et du mois(5)
I  [INFOS] Light 09/04/2020 < 22:51:52.8066 > Retourne la somme des contrats en fonction de l'année(2010) et du mois(6)
I  [INFOS] Light 09/04/2020 < 22:51:52.8261 > Retourne la somme des contrats en fonction de l'année(2010) et du mois(7)
I  [INFOS] Light 09/04/2020 < 22:51:52.8390 > Retourne la somme des contrats en fonction de l'année(2010) et du mois(8)
I  [INFOS] Light 09/04/2020 < 22:51:52.8600 > Retourne la somme des contrats en fonction de l'année(2010) et du mois(9)
I  [INFOS] Light 09/04/2020 < 22:51:52.8759 > Retourne la somme des contrats en fonction de l'année(2010) et du mois(10)
I  [INFOS] Light 09/04/2020 < 22:51:52.8909 > Retourne la somme des contrats en fonction de l'année(2010) et du mois(11)
I  [INFOS] Light 09/04/2020 < 22:51:52.9078 > Retourne la somme des contrats en fonction de l'année(2010) et du mois(12)
I  [INFOS] Light 09/04/2020 < 22:51:52.9797 > Retourne la somme des contrats en fonction de l'année(2011) et du mois(0)
I  [INFOS] Light 09/04/2020 < 22:51:53.0047 > Retourne la somme des contrats en fonction de l'année(2011) et du mois(1)
I  [INFOS] Light 09/04/2020 < 22:51:53.0216 > Retourne la somme des contrats en fonction de l'année(2011) et du mois(2)
I  [INFOS] Light 09/04/2020 < 22:51:53.0316 > Retourne la somme des contrats en fonction de l'année(2011) et du mois(3)
I  [INFOS] Light 09/04/2020 < 22:51:53.0486 > Retourne la somme des contrats en fonction de l'année(2011) et du mois(4)
I  [INFOS] Light 09/04/2020 < 22:51:53.0596 > Retourne la somme des contrats en fonction de l'année(2011) et du mois(5)
I  [INFOS] Light 09/04/2020 < 22:51:53.0695 > Retourne la somme des contrats en fonction de l'année(2011) et du mois(6)
I  [INFOS] Light 09/04/2020 < 22:51:53.0780 > Retourne la somme des contrats en fonction de l'année(2011) et du mois(7)
I  [INFOS] Light 09/04/2020 < 22:51:53.0930 > Retourne la somme des contrats en fonction de l'année(2011) et du mois(8)
I  [INFOS] Light 09/04/2020 < 22:51:53.1040 > Retourne la somme des contrats en fonction de l'année(2011) et du mois(9)
I  [INFOS] Light 09/04/2020 < 22:51:53.1199 > Retourne la somme des contrats en fonction de l'année(2011) et du mois(10)
I  [INFOS] Light 09/04/2020 < 22:51:53.1289 > Retourne la somme des contrats en fonction de l'année(2011) et du mois(11)
I  [INFOS] Light 09/04/2020 < 22:51:53.1478 > Retourne la somme des contrats en fonction de l'année(2011) et du mois(12)
I  [INFOS] Light 09/04/2020 < 22:51:53.1618 > Retourne la somme des contrats en fonction de l'année(2012) et du mois(0)
I  [INFOS] Light 09/04/2020 < 22:51:53.1718 > Retourne la somme des contrats en fonction de l'année(2012) et du mois(1)
I  [INFOS] Light 09/04/2020 < 22:51:53.1808 > Retourne la somme des contrats en fonction de l'année(2012) et du mois(2)
I  [INFOS] Light 09/04/2020 < 22:51:53.1957 > Retourne la somme des contrats en fonction de l'année(2012) et du mois(3)
I  [INFOS] Light 09/04/2020 < 22:51:53.2067 > Retourne la somme des contrats en fonction de l'année(2012) et du mois(4)
I  [INFOS] Light 09/04/2020 < 22:51:53.2177 > Retourne la somme des contrats en fonction de l'année(2012) et du mois(5)
I  [INFOS] Light 09/04/2020 < 22:51:53.2306 > Retourne la somme des contrats en fonction de l'année(2012) et du mois(6)
I  [INFOS] Light 09/04/2020 < 22:51:53.2416 > Retourne la somme des contrats en fonction de l'année(2012) et du mois(7)
I  [INFOS] Light 09/04/2020 < 22:51:53.2536 > Retourne la somme des contrats en fonction de l'année(2012) et du mois(8)
I  [INFOS] Light 09/04/2020 < 22:51:53.2651 > Retourne la somme des contrats en fonction de l'année(2012) et du mois(9)
I  [INFOS] Light 09/04/2020 < 22:51:53.2740 > Retourne la somme des contrats en fonction de l'année(2012) et du mois(10)
I  [INFOS] Light 09/04/2020 < 22:51:53.2840 > Retourne la somme des contrats en fonction de l'année(2012) et du mois(11)
I  [INFOS] Light 09/04/2020 < 22:51:53.2970 > Retourne la somme des contrats en fonction de l'année(2012) et du mois(12)
I  [INFOS] Light 09/04/2020 < 22:51:53.3119 > Retourne la somme des contrats en fonction de l'année(2013) et du mois(0)
I  [INFOS] Light 09/04/2020 < 22:51:53.3219 > Retourne la somme des contrats en fonction de l'année(2013) et du mois(1)
I  [INFOS] Light 09/04/2020 < 22:51:53.3329 > Retourne la somme des contrats en fonction de l'année(2013) et du mois(2)
I  [INFOS] Light 09/04/2020 < 22:51:53.3448 > Retourne la somme des contrats en fonction de l'année(2013) et du mois(3)
I  [INFOS] Light 09/04/2020 < 22:51:53.3597 > Retourne la somme des contrats en fonction de l'année(2013) et du mois(4)
I  [INFOS] Light 09/04/2020 < 22:51:53.3706 > Retourne la somme des contrats en fonction de l'année(2013) et du mois(5)
I  [INFOS] Light 09/04/2020 < 22:51:53.3826 > Retourne la somme des contrats en fonction de l'année(2013) et du mois(6)
I  [INFOS] Light 09/04/2020 < 22:51:53.4001 > Retourne la somme des contrats en fonction de l'année(2013) et du mois(7)
I  [INFOS] Light 09/04/2020 < 22:51:53.4121 > Retourne la somme des contrats en fonction de l'année(2013) et du mois(8)
I  [INFOS] Light 09/04/2020 < 22:51:53.4231 > Retourne la somme des contrats en fonction de l'année(2013) et du mois(9)
I  [INFOS] Light 09/04/2020 < 22:51:53.4350 > Retourne la somme des contrats en fonction de l'année(2013) et du mois(10)
I  [INFOS] Light 09/04/2020 < 22:51:53.4490 > Retourne la somme des contrats en fonction de l'année(2013) et du mois(11)
I  [INFOS] Light 09/04/2020 < 22:51:53.4600 > Retourne la somme des contrats en fonction de l'année(2013) et du mois(12)
I  [INFOS] Light 09/04/2020 < 22:51:53.4700 > Retourne la somme des contrats en fonction de l'année(2014) et du mois(0)
I  [INFOS] Light 09/04/2020 < 22:51:53.4799 > Retourne la somme des contrats en fonction de l'année(2014) et du mois(1)
I  [INFOS] Light 09/04/2020 < 22:51:53.4939 > Retourne la somme des contrats en fonction de l'année(2014) et du mois(2)
I  [INFOS] Light 09/04/2020 < 22:51:53.5069 > Retourne la somme des contrats en fonction de l'année(2014) et du mois(3)
I  [INFOS] Light 09/04/2020 < 22:51:53.5188 > Retourne la somme des contrats en fonction de l'année(2014) et du mois(4)
I  [INFOS] Light 09/04/2020 < 22:51:53.5288 > Retourne la somme des contrats en fonction de l'année(2014) et du mois(5)
I  [INFOS] Light 09/04/2020 < 22:51:53.5438 > Retourne la somme des contrats en fonction de l'année(2014) et du mois(6)
I  [INFOS] Light 09/04/2020 < 22:51:53.5573 > Retourne la somme des contrats en fonction de l'année(2014) et du mois(7)
I  [INFOS] Light 09/04/2020 < 22:51:53.5673 > Retourne la somme des contrats en fonction de l'année(2014) et du mois(8)
I  [INFOS] Light 09/04/2020 < 22:51:53.5763 > Retourne la somme des contrats en fonction de l'année(2014) et du mois(9)
I  [INFOS] Light 09/04/2020 < 22:51:53.5878 > Retourne la somme des contrats en fonction de l'année(2014) et du mois(10)
I  [INFOS] Light 09/04/2020 < 22:51:53.6017 > Retourne la somme des contrats en fonction de l'année(2014) et du mois(11)
I  [INFOS] Light 09/04/2020 < 22:51:53.6137 > Retourne la somme des contrats en fonction de l'année(2014) et du mois(12)
I  [INFOS] Light 09/04/2020 < 22:51:53.6227 > Retourne la somme des contrats en fonction de l'année(2015) et du mois(0)
I  [INFOS] Light 09/04/2020 < 22:51:53.6346 > Retourne la somme des contrats en fonction de l'année(2015) et du mois(1)
I  [INFOS] Light 09/04/2020 < 22:51:53.6496 > Retourne la somme des contrats en fonction de l'année(2015) et du mois(2)
I  [INFOS] Light 09/04/2020 < 22:51:53.6605 > Retourne la somme des contrats en fonction de l'année(2015) et du mois(3)
I  [INFOS] Light 09/04/2020 < 22:51:53.6715 > Retourne la somme des contrats en fonction de l'année(2015) et du mois(4)
I  [INFOS] Light 09/04/2020 < 22:51:53.6825 > Retourne la somme des contrats en fonction de l'année(2015) et du mois(5)
I  [INFOS] Light 09/04/2020 < 22:51:53.6994 > Retourne la somme des contrats en fonction de l'année(2015) et du mois(6)
I  [INFOS] Light 09/04/2020 < 22:51:53.7159 > Retourne la somme des contrats en fonction de l'année(2015) et du mois(7)
I  [INFOS] Light 09/04/2020 < 22:51:53.7259 > Retourne la somme des contrats en fonction de l'année(2015) et du mois(8)
I  [INFOS] Light 09/04/2020 < 22:51:53.7428 > Retourne la somme des contrats en fonction de l'année(2015) et du mois(9)
I  [INFOS] Light 09/04/2020 < 22:51:53.7578 > Retourne la somme des contrats en fonction de l'année(2015) et du mois(10)
I  [INFOS] Light 09/04/2020 < 22:51:53.7698 > Retourne la somme des contrats en fonction de l'année(2015) et du mois(11)
I  [INFOS] Light 09/04/2020 < 22:51:53.7787 > Retourne la somme des contrats en fonction de l'année(2015) et du mois(12)
I  [INFOS] Light 09/04/2020 < 22:51:53.7937 > Retourne la somme des contrats en fonction de l'année(2016) et du mois(0)
I  [INFOS] Light 09/04/2020 < 22:51:53.8087 > Retourne la somme des contrats en fonction de l'année(2016) et du mois(1)
I  [INFOS] Light 09/04/2020 < 22:51:53.8226 > Retourne la somme des contrats en fonction de l'année(2016) et du mois(2)
I  [INFOS] Light 09/04/2020 < 22:51:53.8376 > Retourne la somme des contrats en fonction de l'année(2016) et du mois(3)
I  [INFOS] Light 09/04/2020 < 22:51:53.8531 > Retourne la somme des contrats en fonction de l'année(2016) et du mois(4)
I  [INFOS] Light 09/04/2020 < 22:51:53.8671 > Retourne la somme des contrats en fonction de l'année(2016) et du mois(5)
I  [INFOS] Light 09/04/2020 < 22:51:53.8770 > Retourne la somme des contrats en fonction de l'année(2016) et du mois(6)
I  [INFOS] Light 09/04/2020 < 22:51:53.8920 > Retourne la somme des contrats en fonction de l'année(2016) et du mois(7)
I  [INFOS] Light 09/04/2020 < 22:51:53.9199 > Retourne la somme des contrats en fonction de l'année(2016) et du mois(8)
I  [INFOS] Light 09/04/2020 < 22:51:53.9478 > Retourne la somme des contrats en fonction de l'année(2016) et du mois(9)
I  [INFOS] Light 09/04/2020 < 22:51:53.9688 > Retourne la somme des contrats en fonction de l'année(2016) et du mois(10)
I  [INFOS] Light 09/04/2020 < 22:51:53.9798 > Retourne la somme des contrats en fonction de l'année(2016) et du mois(11)
I  [INFOS] Light 09/04/2020 < 22:51:53.9907 > Retourne la somme des contrats en fonction de l'année(2016) et du mois(12)
I  [INFOS] Light 09/04/2020 < 22:51:53.9997 > Retourne la somme des contrats en fonction de l'année(2017) et du mois(0)
I  [INFOS] Light 09/04/2020 < 22:51:54.0137 > Retourne la somme des contrats en fonction de l'année(2017) et du mois(1)
I  [INFOS] Light 09/04/2020 < 22:51:54.0266 > Retourne la somme des contrats en fonction de l'année(2017) et du mois(2)
I  [INFOS] Light 09/04/2020 < 22:51:54.0366 > Retourne la somme des contrats en fonction de l'année(2017) et du mois(3)
I  [INFOS] Light 09/04/2020 < 22:51:54.0446 > Retourne la somme des contrats en fonction de l'année(2017) et du mois(4)
I  [INFOS] Light 09/04/2020 < 22:51:54.0601 > Retourne la somme des contrats en fonction de l'année(2017) et du mois(5)
I  [INFOS] Light 09/04/2020 < 22:51:54.0740 > Retourne la somme des contrats en fonction de l'année(2017) et du mois(6)
I  [INFOS] Light 09/04/2020 < 22:51:54.0850 > Retourne la somme des contrats en fonction de l'année(2017) et du mois(7)
I  [INFOS] Light 09/04/2020 < 22:51:54.0940 > Retourne la somme des contrats en fonction de l'année(2017) et du mois(8)
I  [INFOS] Light 09/04/2020 < 22:51:54.1059 > Retourne la somme des contrats en fonction de l'année(2017) et du mois(9)
I  [INFOS] Light 09/04/2020 < 22:51:54.1209 > Retourne la somme des contrats en fonction de l'année(2017) et du mois(10)
I  [INFOS] Light 09/04/2020 < 22:51:54.1349 > Retourne la somme des contrats en fonction de l'année(2017) et du mois(11)
I  [INFOS] Light 09/04/2020 < 22:51:54.1448 > Retourne la somme des contrats en fonction de l'année(2017) et du mois(12)
I  [INFOS] Light 09/04/2020 < 22:51:54.1628 > Retourne la somme des contrats en fonction de l'année(2018) et du mois(0)
I  [INFOS] Light 09/04/2020 < 22:51:54.1797 > Retourne la somme des contrats en fonction de l'année(2018) et du mois(1)
I  [INFOS] Light 09/04/2020 < 22:51:54.1947 > Retourne la somme des contrats en fonction de l'année(2018) et du mois(2)
I  [INFOS] Light 09/04/2020 < 22:51:54.2136 > Retourne la somme des contrats en fonction de l'année(2018) et du mois(3)
I  [INFOS] Light 09/04/2020 < 22:51:54.2326 > Retourne la somme des contrats en fonction de l'année(2018) et du mois(4)
I  [INFOS] Light 09/04/2020 < 22:51:54.2446 > Retourne la somme des contrats en fonction de l'année(2018) et du mois(5)
I  [INFOS] Light 09/04/2020 < 22:51:54.2545 > Retourne la somme des contrats en fonction de l'année(2018) et du mois(6)
I  [INFOS] Light 09/04/2020 < 22:51:54.2620 > Retourne la somme des contrats en fonction de l'année(2018) et du mois(7)
I  [INFOS] Light 09/04/2020 < 22:51:54.2710 > Retourne la somme des contrats en fonction de l'année(2018) et du mois(8)
I  [INFOS] Light 09/04/2020 < 22:51:54.2820 > Retourne la somme des contrats en fonction de l'année(2018) et du mois(9)
I  [INFOS] Light 09/04/2020 < 22:51:54.2909 > Retourne la somme des contrats en fonction de l'année(2018) et du mois(10)
I  [INFOS] Light 09/04/2020 < 22:51:54.2979 > Retourne la somme des contrats en fonction de l'année(2018) et du mois(11)
I  [INFOS] Light 09/04/2020 < 22:51:54.3059 > Retourne la somme des contrats en fonction de l'année(2018) et du mois(12)
I  [INFOS] Light 09/04/2020 < 22:51:54.3129 > Retourne la somme des contrats en fonction de l'année(2019) et du mois(0)
I  [INFOS] Light 09/04/2020 < 22:51:54.3229 > Retourne la somme des contrats en fonction de l'année(2019) et du mois(1)
I  [INFOS] Light 09/04/2020 < 22:51:54.3328 > Retourne la somme des contrats en fonction de l'année(2019) et du mois(2)
I  [INFOS] Light 09/04/2020 < 22:51:54.3418 > Retourne la somme des contrats en fonction de l'année(2019) et du mois(3)
I  [INFOS] Light 09/04/2020 < 22:51:54.3508 > Retourne la somme des contrats en fonction de l'année(2019) et du mois(4)
I  [INFOS] Light 09/04/2020 < 22:51:54.3588 > Retourne la somme des contrats en fonction de l'année(2019) et du mois(5)
I  [INFOS] Light 09/04/2020 < 22:51:54.3697 > Retourne la somme des contrats en fonction de l'année(2019) et du mois(6)
I  [INFOS] Light 09/04/2020 < 22:51:54.3847 > Retourne la somme des contrats en fonction de l'année(2019) et du mois(7)
I  [INFOS] Light 09/04/2020 < 22:51:54.3957 > Retourne la somme des contrats en fonction de l'année(2019) et du mois(8)
I  [INFOS] Light 09/04/2020 < 22:51:54.4056 > Retourne la somme des contrats en fonction de l'année(2019) et du mois(9)
I  [INFOS] Light 09/04/2020 < 22:51:54.4176 > Retourne la somme des contrats en fonction de l'année(2019) et du mois(10)
I  [INFOS] Light 09/04/2020 < 22:51:54.4326 > Retourne la somme des contrats en fonction de l'année(2019) et du mois(11)
I  [INFOS] Light 09/04/2020 < 22:51:54.4411 > Retourne la somme des contrats en fonction de l'année(2019) et du mois(12)
I  [INFOS] Light 09/04/2020 < 22:51:54.4490 > Retourne la somme des contrats en fonction de l'année(2020) et du mois(0)
I  [INFOS] Light 09/04/2020 < 22:51:54.4570 > Retourne la somme des contrats en fonction de l'année(2020) et du mois(1)
I  [INFOS] Light 09/04/2020 < 22:51:54.4680 > Retourne la somme des contrats en fonction de l'année(2020) et du mois(2)
I  [INFOS] Light 09/04/2020 < 22:51:54.4770 > Retourne la somme des contrats en fonction de l'année(2020) et du mois(3)
I  [INFOS] Light 09/04/2020 < 22:51:54.4879 > Retourne la somme des contrats en fonction de l'année(2020) et du mois(4)
I  [INFOS] Light 09/04/2020 < 22:51:54.4989 > Retourne la somme des contrats en fonction de l'année(2020) et du mois(5)
I  [INFOS] Light 09/04/2020 < 22:51:54.5069 > Retourne la somme des contrats en fonction de l'année(2020) et du mois(6)
I  [INFOS] Light 09/04/2020 < 22:51:54.5149 > Retourne la somme des contrats en fonction de l'année(2020) et du mois(7)
I  [INFOS] Light 09/04/2020 < 22:51:54.5248 > Retourne la somme des contrats en fonction de l'année(2020) et du mois(8)
I  [INFOS] Light 09/04/2020 < 22:51:54.5338 > Retourne la somme des contrats en fonction de l'année(2020) et du mois(9)
I  [INFOS] Light 09/04/2020 < 22:51:54.5428 > Retourne la somme des contrats en fonction de l'année(2020) et du mois(10)
I  [INFOS] Light 09/04/2020 < 22:51:54.5508 > Retourne la somme des contrats en fonction de l'année(2020) et du mois(11)
I  [INFOS] Light 09/04/2020 < 22:51:54.5587 > Retourne la somme des contrats en fonction de l'année(2020) et du mois(12)
I  [INFOS] Light 09/04/2020 < 22:51:54.5717 > Retourne toutes les entreprises
I  [INFOS] Light 09/04/2020 < 22:51:54.5867 > Retourne tous les contracts qui on appartiennent à l'entreprise qui a pour id : 1
I  [INFOS] Light 09/04/2020 < 22:51:54.6006 > Retourne tous les contracts qui on appartiennent à l'entreprise qui a pour id : 2
I  [INFOS] Light 09/04/2020 < 22:51:54.6086 > Retourne tous les contracts qui on appartiennent à l'entreprise qui a pour id : 3
I  [INFOS] Light 09/04/2020 < 22:51:54.6186 > Retourne tous les contracts qui on appartiennent à l'entreprise qui a pour id : 5
I  [INFOS] Light 09/04/2020 < 22:51:54.6296 > Retourne tous les molécules
I  [INFOS] Light 09/04/2020 < 22:51:54.6415 > Retourne tous les utilitées qui on appartiennent à la molécule qui a pour id : 1
I  [INFOS] Light 09/04/2020 < 22:51:54.6495 > Retourne tous les utilitées qui on appartiennent à la molécule qui a pour id : 2
I  [INFOS] Light 09/04/2020 < 22:51:54.6570 > Retourne tous les utilitées qui on appartiennent à la molécule qui a pour id : 3
I  [INFOS] Light 09/04/2020 < 22:51:54.6650 > Retourne tous les utilitées qui on appartiennent à la molécule qui a pour id : 4
I  [INFOS] Light 09/04/2020 < 22:51:54.6750 > Retourne tous les utilitées qui on appartiennent à la molécule qui a pour id : 5
I  [INFOS] Light 09/04/2020 < 22:52:35.4349 > L'utilisateur duv pierro est connecté en tant qu'Admin
I  [INFOS] Light 09/04/2020 < 22:52:35.5107 > Retourne tous les utilisateurs
I  [INFOS] Light 09/04/2020 < 22:52:35.5446 > Retourne le role qui a pour Id : 2
I  [INFOS] Light 09/04/2020 < 22:52:35.5755 > Retourne le role qui a pour Id : 1
I  [INFOS] Light 09/04/2020 < 22:52:52.1805 > Retourne tous les roles
I  [INFOS] Light 09/04/2020 < 22:52:53.7310 > On ajoute un nouvel utilisateur
I  [INFOS] Light 09/04/2020 < 22:52:55.1739 > Retourne tous les utilisateurs
I  [INFOS] Light 09/04/2020 < 22:52:56.7868 > Retourne tous les utilisateurs
I  [INFOS] Light 09/04/2020 < 22:52:56.8147 > Retourne le role qui a pour Id : 2
I  [INFOS] Light 09/04/2020 < 22:52:56.8516 > Retourne le role qui a pour Id : 1
I  [INFOS] Light 09/04/2020 < 22:52:56.8951 > Retourne le role qui a pour Id : 1
I  [INFOS] Light 09/04/2020 < 22:53:05.1145 > L'utilisateur nommée : test test a correctement été supprimée
I  [INFOS] Light 09/04/2020 < 22:53:08.2325 > Retourne tous les utilisateurs
I  [INFOS] Light 09/04/2020 < 22:53:08.2674 > Retourne le role qui a pour Id : 2
I  [INFOS] Light 09/04/2020 < 22:53:08.3019 > Retourne le role qui a pour Id : 1
I  [INFOS] Light 09/04/2020 < 22:53:10.4647 > Retourne tous les roles
I  [INFOS] Light 09/04/2020 < 22:53:13.4265 > Retourne tous les utilisateurs
I  [INFOS] Light 09/04/2020 < 22:53:13.4479 > Retourne le role qui a pour Id : 2
I  [INFOS] Light 09/04/2020 < 22:53:13.4768 > Retourne le role qui a pour Id : 1
