I  [INFOS] Light 10/04/2020 < 16:18:37.3827 > L'utilisateur duv pierro est connecté en tant qu'Admin
I  [INFOS] Light 10/04/2020 < 16:18:37.4316 > Retourne tous les utilisateurs
I  [INFOS] Light 10/04/2020 < 16:18:37.4416 > Retourne le role qui a pour Id : 2
I  [INFOS] Light 10/04/2020 < 16:18:37.4729 > Retourne le role qui a pour Id : 1
I  [INFOS] Light 10/04/2020 < 16:19:33.8943 > Retourne tous les roles
I  [INFOS] Light 10/04/2020 < 16:19:36.0702 > On ajoute un nouvel utilisateur
I  [INFOS] Light 10/04/2020 < 16:19:37.0451 > Retourne tous les utilisateurs
I  [INFOS] Light 10/04/2020 < 16:19:38.7248 > Retourne tous les utilisateurs
I  [INFOS] Light 10/04/2020 < 16:19:38.7448 > Retourne le role qui a pour Id : 2
I  [INFOS] Light 10/04/2020 < 16:19:38.7548 > Retourne le role qui a pour Id : 1
I  [INFOS] Light 10/04/2020 < 16:19:38.7704 > Retourne le role qui a pour Id : 1
I  [INFOS] Light 10/04/2020 < 16:19:46.1911 > Retourne tous les utilisateurs
I  [INFOS] Light 10/04/2020 < 16:19:46.2066 > Retourne le role qui a pour Id : 2
I  [INFOS] Light 10/04/2020 < 16:19:46.2223 > Retourne le role qui a pour Id : 1
I  [INFOS] Light 10/04/2020 < 16:19:46.2444 > Retourne le role qui a pour Id : 1
I  [INFOS] Light 10/04/2020 < 16:19:48.3677 > Retourne tous les utilisateurs
I  [INFOS] Light 10/04/2020 < 16:19:48.3833 > Retourne le role qui a pour Id : 2
I  [INFOS] Light 10/04/2020 < 16:19:48.3989 > Retourne le role qui a pour Id : 1
I  [INFOS] Light 10/04/2020 < 16:19:48.4145 > Retourne le role qui a pour Id : 1
I  [INFOS] Light 10/04/2020 < 16:19:54.2622 > Retourne tous les utilisateurs
I  [INFOS] Light 10/04/2020 < 16:19:54.2778 > Retourne le role qui a pour Id : 2
I  [INFOS] Light 10/04/2020 < 16:19:54.2843 > Retourne le role qui a pour Id : 1
I  [INFOS] Light 10/04/2020 < 16:19:54.3000 > Retourne le role qui a pour Id : 1
I  [INFOS] Light 10/04/2020 < 16:19:58.5789 > Retourne tous les utilisateurs
I  [INFOS] Light 10/04/2020 < 16:19:58.5945 > Retourne le role qui a pour Id : 2
I  [INFOS] Light 10/04/2020 < 16:19:58.6011 > Retourne le role qui a pour Id : 1
I  [INFOS] Light 10/04/2020 < 16:19:58.6167 > Retourne le role qui a pour Id : 1
I  [INFOS] Light 10/04/2020 < 16:19:59.2342 > Retourne tous les utilisateurs
I  [INFOS] Light 10/04/2020 < 16:19:59.2496 > Retourne le role qui a pour Id : 2
I  [INFOS] Light 10/04/2020 < 16:19:59.2808 > Retourne le role qui a pour Id : 1
I  [INFOS] Light 10/04/2020 < 16:19:59.3029 > Retourne le role qui a pour Id : 1
I  [INFOS] Light 10/04/2020 < 16:20:02.1189 > Retourne tous les utilisateurs
I  [INFOS] Light 10/04/2020 < 16:20:02.1345 > Retourne le role qui a pour Id : 2
I  [INFOS] Light 10/04/2020 < 16:20:02.1502 > Retourne le role qui a pour Id : 1
I  [INFOS] Light 10/04/2020 < 16:20:02.1658 > Retourne le role qui a pour Id : 1
I  [INFOS] Light 10/04/2020 < 16:20:02.7394 > Retourne tous les utilisateurs
I  [INFOS] Light 10/04/2020 < 16:20:02.7548 > Retourne le role qui a pour Id : 2
I  [INFOS] Light 10/04/2020 < 16:20:02.7704 > Retourne le role qui a pour Id : 1
I  [INFOS] Light 10/04/2020 < 16:20:02.7860 > Retourne le role qui a pour Id : 1
I  [INFOS] Light 10/04/2020 < 16:20:11.4826 > Retourne tous les utilisateurs
I  [INFOS] Light 10/04/2020 < 16:20:11.4980 > Retourne le role qui a pour Id : 2
I  [INFOS] Light 10/04/2020 < 16:20:11.5136 > Retourne le role qui a pour Id : 1
I  [INFOS] Light 10/04/2020 < 16:20:11.5292 > Retourne le role qui a pour Id : 1
I  [INFOS] Light 10/04/2020 < 16:20:12.1853 > Retourne tous les utilisateurs
I  [INFOS] Light 10/04/2020 < 16:20:12.2007 > Retourne le role qui a pour Id : 2
I  [INFOS] Light 10/04/2020 < 16:20:12.2163 > Retourne le role qui a pour Id : 1
I  [INFOS] Light 10/04/2020 < 16:20:12.2319 > Retourne le role qui a pour Id : 1
I  [INFOS] Light 10/04/2020 < 16:20:15.0921 > Retourne tous les utilisateurs
I  [INFOS] Light 10/04/2020 < 16:20:15.0921 > Retourne le role qui a pour Id : 2
I  [INFOS] Light 10/04/2020 < 16:20:15.1077 > Retourne le role qui a pour Id : 1
I  [INFOS] Light 10/04/2020 < 16:20:15.1233 > Retourne le role qui a pour Id : 1
I  [INFOS] Light 10/04/2020 < 16:20:15.4084 > Retourne tous les utilisateurs
I  [INFOS] Light 10/04/2020 < 16:20:15.4240 > Retourne le role qui a pour Id : 2
I  [INFOS] Light 10/04/2020 < 16:20:15.4396 > Retourne le role qui a pour Id : 1
I  [INFOS] Light 10/04/2020 < 16:20:15.4553 > Retourne le role qui a pour Id : 1
I  [INFOS] Light 10/04/2020 < 16:20:24.3451 > Retourne le role qui a pour Id : 1
I  [INFOS] Light 10/04/2020 < 16:20:30.2360 > On met à jour un utilisateur qui a pour Id : 4
I  [INFOS] Light 10/04/2020 < 16:20:31.4698 > Retourne tous les utilisateurs
I  [INFOS] Light 10/04/2020 < 16:20:34.7161 > Retourne tous les utilisateurs
I  [INFOS] Light 10/04/2020 < 16:20:34.7314 > Retourne le role qui a pour Id : 2
I  [INFOS] Light 10/04/2020 < 16:20:34.7626 > Retourne le role qui a pour Id : 1
I  [INFOS] Light 10/04/2020 < 16:20:34.7782 > Retourne le role qui a pour Id : 1
I  [INFOS] Light 10/04/2020 < 16:20:38.8193 > Retourne tous les utilisateurs
I  [INFOS] Light 10/04/2020 < 16:20:38.8258 > Retourne le role qui a pour Id : 2
I  [INFOS] Light 10/04/2020 < 16:20:38.8415 > Retourne le role qui a pour Id : 1
I  [INFOS] Light 10/04/2020 < 16:20:38.8571 > Retourne le role qui a pour Id : 1
I  [INFOS] Light 10/04/2020 < 16:20:41.5364 > Retourne tous les utilisateurs
I  [INFOS] Light 10/04/2020 < 16:20:41.5521 > Retourne le role qui a pour Id : 2
I  [INFOS] Light 10/04/2020 < 16:20:41.5521 > Retourne le role qui a pour Id : 1
I  [INFOS] Light 10/04/2020 < 16:20:41.5677 > Retourne le role qui a pour Id : 1
I  [INFOS] Light 10/04/2020 < 16:20:42.9447 > Retourne tous les utilisateurs
I  [INFOS] Light 10/04/2020 < 16:20:42.9603 > Retourne le role qui a pour Id : 2
I  [INFOS] Light 10/04/2020 < 16:20:42.9759 > Retourne le role qui a pour Id : 1
I  [INFOS] Light 10/04/2020 < 16:20:42.9916 > Retourne le role qui a pour Id : 1
I  [INFOS] Light 10/04/2020 < 16:20:43.3724 > Retourne tous les utilisateurs
I  [INFOS] Light 10/04/2020 < 16:20:43.3880 > Retourne le role qui a pour Id : 2
I  [INFOS] Light 10/04/2020 < 16:20:43.4036 > Retourne le role qui a pour Id : 1
I  [INFOS] Light 10/04/2020 < 16:20:43.4193 > Retourne le role qui a pour Id : 1
I  [INFOS] Light 10/04/2020 < 16:20:45.6126 > Retourne tous les utilisateurs
I  [INFOS] Light 10/04/2020 < 16:20:45.6282 > Retourne le role qui a pour Id : 2
I  [INFOS] Light 10/04/2020 < 16:20:45.6503 > Retourne le role qui a pour Id : 1
I  [INFOS] Light 10/04/2020 < 16:20:45.6503 > Retourne le role qui a pour Id : 1
I  [INFOS] Light 10/04/2020 < 16:20:50.4261 > Retourne tous les roles
I  [INFOS] Light 10/04/2020 < 16:26:10.7301 > L'utilisateur duv pierro est connecté en tant qu'Admin
I  [INFOS] Light 10/04/2020 < 16:26:10.7926 > Retourne tous les utilisateurs
I  [INFOS] Light 10/04/2020 < 16:26:10.8147 > Retourne le role qui a pour Id : 1
I  [INFOS] Light 10/04/2020 < 16:26:10.8303 > Retourne le role qui a pour Id : 1
I  [INFOS] Light 10/04/2020 < 16:26:10.8460 > Retourne le role qui a pour Id : 2
I  [INFOS] Light 10/04/2020 < 16:26:14.8273 > Retourne tous les utilisateurs
I  [INFOS] Light 10/04/2020 < 16:26:14.8585 > Retourne le role qui a pour Id : 1
I  [INFOS] Light 10/04/2020 < 16:26:14.8741 > Retourne le role qui a pour Id : 2
I  [INFOS] Light 10/04/2020 < 16:26:14.8963 > Retourne le role qui a pour Id : 1
I  [INFOS] Light 10/04/2020 < 16:26:18.4077 > Retourne tous les utilisateurs
I  [INFOS] Light 10/04/2020 < 16:26:18.4233 > Retourne le role qui a pour Id : 1
I  [INFOS] Light 10/04/2020 < 16:26:18.4390 > Retourne le role qui a pour Id : 2
I  [INFOS] Light 10/04/2020 < 16:26:18.4546 > Retourne le role qui a pour Id : 1
I  [INFOS] Light 10/04/2020 < 16:26:24.4266 > Retourne tous les utilisateurs
I  [INFOS] Light 10/04/2020 < 16:26:24.4332 > Retourne le role qui a pour Id : 1
I  [INFOS] Light 10/04/2020 < 16:26:24.4488 > Retourne le role qui a pour Id : 2
I  [INFOS] Light 10/04/2020 < 16:26:24.4644 > Retourne le role qui a pour Id : 1
I  [INFOS] Light 10/04/2020 < 16:26:25.2353 > Retourne tous les utilisateurs
I  [INFOS] Light 10/04/2020 < 16:26:25.2509 > Retourne le role qui a pour Id : 1
I  [INFOS] Light 10/04/2020 < 16:26:25.2666 > Retourne le role qui a pour Id : 1
I  [INFOS] Light 10/04/2020 < 16:26:25.2822 > Retourne le role qui a pour Id : 2
I  [INFOS] Light 10/04/2020 < 16:26:45.6629 > Retourne le role qui a pour Id : 1
I  [INFOS] Light 10/04/2020 < 16:26:52.8322 > On met à jour un utilisateur qui a pour Id : 4
I  [INFOS] Light 10/04/2020 < 16:26:54.1308 > Retourne tous les utilisateurs
I  [INFOS] Light 10/04/2020 < 16:26:58.0365 > Retourne tous les utilisateurs
I  [INFOS] Light 10/04/2020 < 16:26:58.0522 > Retourne le role qui a pour Id : 1
I  [INFOS] Light 10/04/2020 < 16:26:58.0678 > Retourne le role qui a pour Id : 1
I  [INFOS] Light 10/04/2020 < 16:26:58.0899 > Retourne le role qui a pour Id : 2
I  [INFOS] Light 10/04/2020 < 16:27:26.6712 > L'utilisateur arabian mickael est connecté en tant qu'Utilisateur
I  [INFOS] Light 10/04/2020 < 16:30:07.6504 > L'utilisateur arabian mickael est connecté en tant qu'Utilisateur
I  [INFOS] Light 10/04/2020 < 16:30:14.5598 > Retourne tous les brevets
I  [INFOS] Light 10/04/2020 < 16:30:14.6067 > Retourne la molécule qui a pour Id : 2
I  [INFOS] Light 10/04/2020 < 16:30:14.6132 > Retourne l'entreprise qui a pour Id : 2
I  [INFOS] Light 10/04/2020 < 16:30:14.6445 > Retourne la molécule qui a pour Id : 1
I  [INFOS] Light 10/04/2020 < 16:30:14.6445 > Retourne l'entreprise qui a pour Id : 1
I  [INFOS] Light 10/04/2020 < 16:30:15.8786 > Retourne tous les contrats
I  [INFOS] Light 10/04/2020 < 16:30:15.8943 > Retourne l'entreprise qui a pour Id : 1
I  [INFOS] Light 10/04/2020 < 16:30:15.9164 > Retourne le brevet qui a pour Id : 1
I  [INFOS] Light 10/04/2020 < 16:30:15.9323 > Retourne l'entreprise qui a pour Id : 3
I  [INFOS] Light 10/04/2020 < 16:30:15.9423 > Retourne le brevet qui a pour Id : 2
I  [INFOS] Light 10/04/2020 < 16:30:17.5533 > Retourne toutes les entreprises
I  [INFOS] Light 10/04/2020 < 16:30:19.3420 > Retourne tous les molécules
I  [INFOS] Light 10/04/2020 < 16:30:20.8087 > Retourne toutes les utilitées
I  [INFOS] Light 10/04/2020 < 16:30:20.8309 > Retourne la molécule qui a pour Id : 1
I  [INFOS] Light 10/04/2020 < 16:30:20.8465 > Retourne la molécule qui a pour Id : 2
I  [INFOS] Light 10/04/2020 < 16:30:20.8622 > Retourne la molécule qui a pour Id : 4
I  [INFOS] Light 10/04/2020 < 16:30:20.8778 > Retourne la molécule qui a pour Id : 5
!! [ERROR] Light 10/04/2020 < 16:46:01.4754 > L'utilisateur arabian mickael : a rentré un identifiant incorrect
I  [INFOS] Light 10/04/2020 < 16:46:07.1936 > L'utilisateur arabian mickael est connecté en tant qu'Utilisateur
I  [INFOS] Light 10/04/2020 < 16:51:34.5508 > L'utilisateur arabian mickael est connecté en tant qu'Utilisateur
