I  [INFOS] Light 06/04/2020 < 14:25:54.1051 > Retourne tous les molécules
I  [INFOS] Light 06/04/2020 < 14:26:05.2908 > Retourne toutes les utilitées
I  [INFOS] Light 06/04/2020 < 14:26:05.3428 > Retourne la molécule qui a pour Id : 1
I  [INFOS] Light 06/04/2020 < 14:26:05.3846 > Retourne la molécule qui a pour Id : 2
I  [INFOS] Light 06/04/2020 < 14:26:08.5768 > Retourne tous les molécules
I  [INFOS] Light 06/04/2020 < 14:26:13.6495 > Retourne tous les molécules
I  [INFOS] Light 06/04/2020 < 14:26:32.3475 > Retourne l'id de la molécule qui a pour Nom : fe
I  [INFOS] Light 06/04/2020 < 14:26:32.5679 > On ajoute une nouvelle utilitée qui a pour Nom : Très dure
I  [INFOS] Light 06/04/2020 < 14:26:34.5510 > Retourne toutes les utilitées
I  [INFOS] Light 06/04/2020 < 14:26:34.5929 > Retourne la molécule qui a pour Id : 1
I  [INFOS] Light 06/04/2020 < 14:26:34.6348 > Retourne la molécule qui a pour Id : 2
I  [INFOS] Light 06/04/2020 < 14:26:34.6740 > Retourne la molécule qui a pour Id : 4
I  [INFOS] Light 06/04/2020 < 14:29:11.3707 > Retourne toutes les utilitées
I  [INFOS] Light 06/04/2020 < 14:29:13.2895 > Retourne la molécule qui a pour Id : 1
I  [INFOS] Light 06/04/2020 < 14:29:13.3344 > Retourne la molécule qui a pour Id : 2
I  [INFOS] Light 06/04/2020 < 14:29:13.3717 > Retourne la molécule qui a pour Id : 4
I  [INFOS] Light 06/04/2020 < 14:29:18.6835 > Retourne tous les molécules
I  [INFOS] Light 06/04/2020 < 14:29:34.0418 > Retourne l'id de la molécule qui a pour Nom : fe
I  [INFOS] Light 06/04/2020 < 14:29:34.2383 > On ajoute une nouvelle utilitée qui a pour Nom : C'est bon pour les muscles
I  [INFOS] Light 06/04/2020 < 14:29:35.3061 > Retourne toutes les utilitées
I  [INFOS] Light 06/04/2020 < 14:29:35.3464 > Retourne la molécule qui a pour Id : 1
I  [INFOS] Light 06/04/2020 < 14:29:35.3854 > Retourne la molécule qui a pour Id : 2
I  [INFOS] Light 06/04/2020 < 14:29:35.4213 > Retourne la molécule qui a pour Id : 4
I  [INFOS] Light 06/04/2020 < 14:29:35.4562 > Retourne la molécule qui a pour Id : 4
I  [INFOS] Light 06/04/2020 < 14:38:02.9258 > Retourne toutes les utilitées
I  [INFOS] Light 06/04/2020 < 14:38:05.7620 > Retourne la molécule qui a pour Id : 1
I  [INFOS] Light 06/04/2020 < 14:38:05.7879 > Retourne la molécule qui a pour Id : 2
I  [INFOS] Light 06/04/2020 < 14:38:05.8048 > Retourne la molécule qui a pour Id : 4
I  [INFOS] Light 06/04/2020 < 14:38:05.8248 > Retourne la molécule qui a pour Id : 4
I  [INFOS] Light 06/04/2020 < 14:38:08.4427 > Retourne la molécule qui a pour Id : 4
I  [INFOS] Light 06/04/2020 < 14:38:12.4755 > Retourne l'id de la molécule qui a pour Nom : fe
I  [INFOS] Light 06/04/2020 < 14:38:12.7179 > On met à jour une entreprise qui a pour Id : 6 et pour Nom : C'est bon pour les muscles
I  [INFOS] Light 06/04/2020 < 14:38:14.5728 > Retourne toutes les utilitées
I  [INFOS] Light 06/04/2020 < 14:38:14.5908 > Retourne la molécule qui a pour Id : 1
I  [INFOS] Light 06/04/2020 < 14:38:14.6167 > Retourne la molécule qui a pour Id : 2
I  [INFOS] Light 06/04/2020 < 14:38:14.6366 > Retourne la molécule qui a pour Id : 4
I  [INFOS] Light 06/04/2020 < 14:38:14.6561 > Retourne la molécule qui a pour Id : 4
I  [INFOS] Light 06/04/2020 < 14:43:58.9795 > Retourne toutes les utilitées
I  [INFOS] Light 06/04/2020 < 14:44:01.1313 > Retourne la molécule qui a pour Id : 1
I  [INFOS] Light 06/04/2020 < 14:44:01.1832 > Retourne la molécule qui a pour Id : 2
I  [INFOS] Light 06/04/2020 < 14:44:01.2291 > Retourne la molécule qui a pour Id : 4
I  [INFOS] Light 06/04/2020 < 14:44:01.3352 > Retourne la molécule qui a pour Id : 4
I  [INFOS] Light 06/04/2020 < 14:44:03.8083 > Retourne la molécule qui a pour Id : 4
I  [INFOS] Light 06/04/2020 < 14:44:10.2306 > Retourne l'id de la molécule qui a pour Nom : fe
I  [INFOS] Light 06/04/2020 < 14:44:10.4400 > On met à jour une entreprise qui a pour Id : 6 et pour Nom : C'est bon pour les muscles
I  [INFOS] Light 06/04/2020 < 14:44:12.0565 > Retourne toutes les utilitées
I  [INFOS] Light 06/04/2020 < 14:44:12.0944 > Retourne la molécule qui a pour Id : 1
I  [INFOS] Light 06/04/2020 < 14:44:12.1382 > Retourne la molécule qui a pour Id : 2
I  [INFOS] Light 06/04/2020 < 14:44:12.1811 > Retourne la molécule qui a pour Id : 4
I  [INFOS] Light 06/04/2020 < 14:44:12.2180 > Retourne la molécule qui a pour Id : 4
I  [INFOS] Light 06/04/2020 < 14:50:45.3907 > Retourne toutes les utilitées
I  [INFOS] Light 06/04/2020 < 14:50:47.5900 > Retourne la molécule qui a pour Id : 1
I  [INFOS] Light 06/04/2020 < 14:50:47.6219 > Retourne la molécule qui a pour Id : 2
I  [INFOS] Light 06/04/2020 < 14:50:47.6428 > Retourne la molécule qui a pour Id : 4
I  [INFOS] Light 06/04/2020 < 14:50:47.6613 > Retourne la molécule qui a pour Id : 4
I  [INFOS] Light 06/04/2020 < 14:50:49.4870 > Retourne la molécule qui a pour Id : 4
I  [INFOS] Light 06/04/2020 < 14:50:54.6415 > Retourne l'id de la molécule qui a pour Nom : fe
I  [INFOS] Light 06/04/2020 < 14:50:54.8690 > On met à jour une entreprise qui a pour Id : 6 et pour Nom : C'est bon pour les muscles
I  [INFOS] Light 06/04/2020 < 14:50:57.4132 > Retourne toutes les utilitées
I  [INFOS] Light 06/04/2020 < 14:50:57.4291 > Retourne la molécule qui a pour Id : 1
I  [INFOS] Light 06/04/2020 < 14:50:57.4431 > Retourne la molécule qui a pour Id : 2
I  [INFOS] Light 06/04/2020 < 14:50:57.4591 > Retourne la molécule qui a pour Id : 4
I  [INFOS] Light 06/04/2020 < 14:50:57.4760 > Retourne la molécule qui a pour Id : 4
I  [INFOS] Light 06/04/2020 < 15:06:13.0425 > Retourne toutes les entreprises
I  [INFOS] Light 06/04/2020 < 15:06:15.1239 > Retourne tous les contracts qui on appartiennent à l'entreprise qui a pour id : 1
I  [INFOS] Light 06/04/2020 < 15:06:15.1668 > Retourne tous les contracts qui on appartiennent à l'entreprise qui a pour id : 2
I  [INFOS] Light 06/04/2020 < 15:06:15.1748 > Retourne tous les contracts qui on appartiennent à l'entreprise qui a pour id : 3
I  [INFOS] Light 06/04/2020 < 15:06:15.1837 > Retourne tous les molécules
I  [INFOS] Light 06/04/2020 < 15:06:15.2017 > Retourne tous les utilitées qui on appartiennent à la molécule qui a pour id : 1
I  [INFOS] Light 06/04/2020 < 15:06:15.2197 > Retourne tous les utilitées qui on appartiennent à la molécule qui a pour id : 2
I  [INFOS] Light 06/04/2020 < 15:06:15.2286 > Retourne tous les utilitées qui on appartiennent à la molécule qui a pour id : 3
I  [INFOS] Light 06/04/2020 < 15:06:15.2366 > Retourne tous les utilitées qui on appartiennent à la molécule qui a pour id : 4
I  [INFOS] Light 06/04/2020 < 15:06:15.2446 > Retourne tous les utilitées qui on appartiennent à la molécule qui a pour id : 5
I  [INFOS] Light 06/04/2020 < 15:06:29.1544 > Retourne toutes les entreprises
I  [INFOS] Light 06/04/2020 < 15:06:29.1604 > Retourne tous les contracts qui on appartiennent à l'entreprise qui a pour id : 1
I  [INFOS] Light 06/04/2020 < 15:06:29.1683 > Retourne tous les contracts qui on appartiennent à l'entreprise qui a pour id : 2
I  [INFOS] Light 06/04/2020 < 15:06:29.1753 > Retourne tous les contracts qui on appartiennent à l'entreprise qui a pour id : 3
I  [INFOS] Light 06/04/2020 < 15:06:29.1823 > Retourne tous les molécules
I  [INFOS] Light 06/04/2020 < 15:06:29.1903 > Retourne tous les utilitées qui on appartiennent à la molécule qui a pour id : 1
I  [INFOS] Light 06/04/2020 < 15:06:29.1973 > Retourne tous les utilitées qui on appartiennent à la molécule qui a pour id : 2
I  [INFOS] Light 06/04/2020 < 15:06:29.2042 > Retourne tous les utilitées qui on appartiennent à la molécule qui a pour id : 3
I  [INFOS] Light 06/04/2020 < 15:06:29.2112 > Retourne tous les utilitées qui on appartiennent à la molécule qui a pour id : 4
I  [INFOS] Light 06/04/2020 < 15:06:29.2172 > Retourne tous les utilitées qui on appartiennent à la molécule qui a pour id : 5
I  [INFOS] Light 06/04/2020 < 15:06:31.8561 > Retourne toutes les entreprises
I  [INFOS] Light 06/04/2020 < 15:06:31.8621 > Retourne tous les contracts qui on appartiennent à l'entreprise qui a pour id : 1
I  [INFOS] Light 06/04/2020 < 15:06:31.8701 > Retourne tous les contracts qui on appartiennent à l'entreprise qui a pour id : 2
I  [INFOS] Light 06/04/2020 < 15:06:31.8771 > Retourne tous les contracts qui on appartiennent à l'entreprise qui a pour id : 3
I  [INFOS] Light 06/04/2020 < 15:06:31.8831 > Retourne tous les molécules
I  [INFOS] Light 06/04/2020 < 15:06:31.8891 > Retourne tous les utilitées qui on appartiennent à la molécule qui a pour id : 1
I  [INFOS] Light 06/04/2020 < 15:06:31.8960 > Retourne tous les utilitées qui on appartiennent à la molécule qui a pour id : 2
I  [INFOS] Light 06/04/2020 < 15:06:31.9030 > Retourne tous les utilitées qui on appartiennent à la molécule qui a pour id : 3
I  [INFOS] Light 06/04/2020 < 15:06:31.9100 > Retourne tous les utilitées qui on appartiennent à la molécule qui a pour id : 4
I  [INFOS] Light 06/04/2020 < 15:06:31.9170 > Retourne tous les utilitées qui on appartiennent à la molécule qui a pour id : 5
I  [INFOS] Light 06/04/2020 < 15:08:10.8617 > Retourne toutes les entreprises
I  [INFOS] Light 06/04/2020 < 15:08:12.7823 > Retourne tous les contracts qui on appartiennent à l'entreprise qui a pour id : 1
I  [INFOS] Light 06/04/2020 < 15:08:12.8142 > Retourne tous les contracts qui on appartiennent à l'entreprise qui a pour id : 2
I  [INFOS] Light 06/04/2020 < 15:08:12.8238 > Retourne tous les contracts qui on appartiennent à l'entreprise qui a pour id : 3
I  [INFOS] Light 06/04/2020 < 15:08:12.8328 > Retourne tous les molécules
I  [INFOS] Light 06/04/2020 < 15:08:12.8496 > Retourne tous les utilitées qui on appartiennent à la molécule qui a pour id : 1
I  [INFOS] Light 06/04/2020 < 15:08:12.8675 > Retourne tous les utilitées qui on appartiennent à la molécule qui a pour id : 2
I  [INFOS] Light 06/04/2020 < 15:08:12.8755 > Retourne tous les utilitées qui on appartiennent à la molécule qui a pour id : 3
I  [INFOS] Light 06/04/2020 < 15:08:12.8845 > Retourne tous les utilitées qui on appartiennent à la molécule qui a pour id : 4
I  [INFOS] Light 06/04/2020 < 15:08:12.8934 > Retourne tous les utilitées qui on appartiennent à la molécule qui a pour id : 5
I  [INFOS] Light 06/04/2020 < 17:06:13.3783 > Retourne toutes les entreprises
I  [INFOS] Light 06/04/2020 < 17:06:13.4016 > Retourne tous les contracts qui on appartiennent à l'entreprise qui a pour id : 1
I  [INFOS] Light 06/04/2020 < 17:06:13.4135 > Retourne tous les contracts qui on appartiennent à l'entreprise qui a pour id : 2
I  [INFOS] Light 06/04/2020 < 17:06:13.4225 > Retourne tous les contracts qui on appartiennent à l'entreprise qui a pour id : 3
I  [INFOS] Light 06/04/2020 < 17:06:13.4330 > Retourne tous les molécules
I  [INFOS] Light 06/04/2020 < 17:06:13.4519 > Retourne tous les utilitées qui on appartiennent à la molécule qui a pour id : 1
I  [INFOS] Light 06/04/2020 < 17:06:13.4699 > Retourne tous les utilitées qui on appartiennent à la molécule qui a pour id : 2
I  [INFOS] Light 06/04/2020 < 17:06:13.4788 > Retourne tous les utilitées qui on appartiennent à la molécule qui a pour id : 3
I  [INFOS] Light 06/04/2020 < 17:06:13.4868 > Retourne tous les utilitées qui on appartiennent à la molécule qui a pour id : 4
I  [INFOS] Light 06/04/2020 < 17:06:13.4987 > Retourne tous les utilitées qui on appartiennent à la molécule qui a pour id : 5
I  [INFOS] Light 06/04/2020 < 17:08:16.6334 > Retourne tous les contrats
I  [INFOS] Light 06/04/2020 < 17:08:16.6626 > Retourne l'entreprise qui a pour Id : 1
I  [INFOS] Light 06/04/2020 < 17:08:16.6736 > Retourne le brevet qui a pour Id : 1
I  [INFOS] Light 06/04/2020 < 17:08:16.7095 > Retourne l'entreprise qui a pour Id : 3
I  [INFOS] Light 06/04/2020 < 17:08:16.7165 > Retourne le brevet qui a pour Id : 2
I  [INFOS] Light 06/04/2020 < 17:08:19.7384 > Retourne l'entreprise qui a pour Id : 1
I  [INFOS] Light 06/04/2020 < 17:08:19.7573 > Retourne le brevet qui a pour Id : 1
I  [INFOS] Light 06/04/2020 < 17:08:32.9289 > Retourne l'id de l'entreprise qui a pour Nom : ATOL
I  [INFOS] Light 06/04/2020 < 17:08:32.9389 > Retourne l'id du brevet qui a pour Nombre : GSBE1
I  [INFOS] Light 06/04/2020 < 17:08:33.1360 > On met à jour un contrat qui a pour Id : 1
I  [INFOS] Light 06/04/2020 < 17:08:34.1663 > Retourne tous les contrats
I  [INFOS] Light 06/04/2020 < 17:08:34.1883 > Retourne l'entreprise qui a pour Id : 1
I  [INFOS] Light 06/04/2020 < 17:08:34.1983 > Retourne le brevet qui a pour Id : 1
I  [INFOS] Light 06/04/2020 < 17:08:34.2212 > Retourne l'entreprise qui a pour Id : 3
I  [INFOS] Light 06/04/2020 < 17:08:34.2311 > Retourne le brevet qui a pour Id : 2
I  [INFOS] Light 06/04/2020 < 17:08:37.7073 > Retourne toutes les entreprises
I  [INFOS] Light 06/04/2020 < 17:08:37.7153 > Retourne tous les contracts qui on appartiennent à l'entreprise qui a pour id : 1
I  [INFOS] Light 06/04/2020 < 17:08:37.7222 > Retourne tous les contracts qui on appartiennent à l'entreprise qui a pour id : 2
I  [INFOS] Light 06/04/2020 < 17:08:37.7282 > Retourne tous les contracts qui on appartiennent à l'entreprise qui a pour id : 3
I  [INFOS] Light 06/04/2020 < 17:08:37.7362 > Retourne tous les molécules
I  [INFOS] Light 06/04/2020 < 17:08:37.7442 > Retourne tous les utilitées qui on appartiennent à la molécule qui a pour id : 1
I  [INFOS] Light 06/04/2020 < 17:08:37.7512 > Retourne tous les utilitées qui on appartiennent à la molécule qui a pour id : 2
I  [INFOS] Light 06/04/2020 < 17:08:37.7591 > Retourne tous les utilitées qui on appartiennent à la molécule qui a pour id : 3
I  [INFOS] Light 06/04/2020 < 17:08:37.7671 > Retourne tous les utilitées qui on appartiennent à la molécule qui a pour id : 4
I  [INFOS] Light 06/04/2020 < 17:08:37.7756 > Retourne tous les utilitées qui on appartiennent à la molécule qui a pour id : 5
I  [INFOS] Light 06/04/2020 < 17:14:54.7570 > Retourne toutes les entreprises
I  [INFOS] Light 06/04/2020 < 17:14:54.7803 > Retourne tous les contracts qui on appartiennent à l'entreprise qui a pour id : 1
I  [INFOS] Light 06/04/2020 < 17:14:54.7962 > Retourne tous les contracts qui on appartiennent à l'entreprise qui a pour id : 2
I  [INFOS] Light 06/04/2020 < 17:14:54.8102 > Retourne tous les contracts qui on appartiennent à l'entreprise qui a pour id : 3
I  [INFOS] Light 06/04/2020 < 17:14:54.8252 > Retourne tous les molécules
I  [INFOS] Light 06/04/2020 < 17:14:54.8491 > Retourne tous les utilitées qui on appartiennent à la molécule qui a pour id : 1
I  [INFOS] Light 06/04/2020 < 17:14:54.8737 > Retourne tous les utilitées qui on appartiennent à la molécule qui a pour id : 2
I  [INFOS] Light 06/04/2020 < 17:14:54.8875 > Retourne tous les utilitées qui on appartiennent à la molécule qui a pour id : 3
I  [INFOS] Light 06/04/2020 < 17:14:54.9004 > Retourne tous les utilitées qui on appartiennent à la molécule qui a pour id : 4
I  [INFOS] Light 06/04/2020 < 17:14:54.9094 > Retourne tous les utilitées qui on appartiennent à la molécule qui a pour id : 5
I  [INFOS] Light 06/04/2020 < 17:17:28.0413 > Retourne toutes les entreprises
I  [INFOS] Light 06/04/2020 < 17:17:28.0692 > Retourne tous les contracts qui on appartiennent à l'entreprise qui a pour id : 1
I  [INFOS] Light 06/04/2020 < 17:17:28.0832 > Retourne tous les contracts qui on appartiennent à l'entreprise qui a pour id : 2
I  [INFOS] Light 06/04/2020 < 17:17:28.0912 > Retourne tous les contracts qui on appartiennent à l'entreprise qui a pour id : 3
I  [INFOS] Light 06/04/2020 < 17:17:28.1031 > Retourne tous les molécules
I  [INFOS] Light 06/04/2020 < 17:17:28.1241 > Retourne tous les utilitées qui on appartiennent à la molécule qui a pour id : 1
I  [INFOS] Light 06/04/2020 < 17:17:28.1430 > Retourne tous les utilitées qui on appartiennent à la molécule qui a pour id : 2
I  [INFOS] Light 06/04/2020 < 17:17:28.1520 > Retourne tous les utilitées qui on appartiennent à la molécule qui a pour id : 3
I  [INFOS] Light 06/04/2020 < 17:17:28.1600 > Retourne tous les utilitées qui on appartiennent à la molécule qui a pour id : 4
I  [INFOS] Light 06/04/2020 < 17:17:28.1689 > Retourne tous les utilitées qui on appartiennent à la molécule qui a pour id : 5
I  [INFOS] Light 06/04/2020 < 17:18:38.7550 > Retourne toutes les entreprises
I  [INFOS] Light 06/04/2020 < 17:18:38.7759 > Retourne tous les contracts qui on appartiennent à l'entreprise qui a pour id : 1
I  [INFOS] Light 06/04/2020 < 17:18:38.7888 > Retourne tous les contracts qui on appartiennent à l'entreprise qui a pour id : 2
I  [INFOS] Light 06/04/2020 < 17:18:38.7978 > Retourne tous les contracts qui on appartiennent à l'entreprise qui a pour id : 3
I  [INFOS] Light 06/04/2020 < 17:18:38.8097 > Retourne tous les molécules
I  [INFOS] Light 06/04/2020 < 17:18:38.8296 > Retourne tous les utilitées qui on appartiennent à la molécule qui a pour id : 1
I  [INFOS] Light 06/04/2020 < 17:18:38.8586 > Retourne tous les utilitées qui on appartiennent à la molécule qui a pour id : 2
I  [INFOS] Light 06/04/2020 < 17:18:38.8656 > Retourne tous les utilitées qui on appartiennent à la molécule qui a pour id : 3
I  [INFOS] Light 06/04/2020 < 17:18:38.8716 > Retourne tous les utilitées qui on appartiennent à la molécule qui a pour id : 4
I  [INFOS] Light 06/04/2020 < 17:18:38.8786 > Retourne tous les utilitées qui on appartiennent à la molécule qui a pour id : 5
I  [INFOS] Light 06/04/2020 < 17:19:27.3059 > Retourne toutes les entreprises
I  [INFOS] Light 06/04/2020 < 17:19:27.3250 > Retourne tous les contracts qui on appartiennent à l'entreprise qui a pour id : 1
I  [INFOS] Light 06/04/2020 < 17:19:27.3362 > Retourne tous les contracts qui on appartiennent à l'entreprise qui a pour id : 2
I  [INFOS] Light 06/04/2020 < 17:19:27.3441 > Retourne tous les contracts qui on appartiennent à l'entreprise qui a pour id : 3
I  [INFOS] Light 06/04/2020 < 17:19:27.3541 > Retourne tous les molécules
I  [INFOS] Light 06/04/2020 < 17:19:27.3741 > Retourne tous les utilitées qui on appartiennent à la molécule qui a pour id : 1
I  [INFOS] Light 06/04/2020 < 17:19:27.3930 > Retourne tous les utilitées qui on appartiennent à la molécule qui a pour id : 2
I  [INFOS] Light 06/04/2020 < 17:19:27.4000 > Retourne tous les utilitées qui on appartiennent à la molécule qui a pour id : 3
I  [INFOS] Light 06/04/2020 < 17:19:27.4090 > Retourne tous les utilitées qui on appartiennent à la molécule qui a pour id : 4
I  [INFOS] Light 06/04/2020 < 17:19:27.4179 > Retourne tous les utilitées qui on appartiennent à la molécule qui a pour id : 5
I  [INFOS] Light 06/04/2020 < 17:20:21.5686 > Retourne toutes les entreprises
I  [INFOS] Light 06/04/2020 < 17:20:21.5866 > Retourne tous les contracts qui on appartiennent à l'entreprise qui a pour id : 1
I  [INFOS] Light 06/04/2020 < 17:20:21.5976 > Retourne tous les contracts qui on appartiennent à l'entreprise qui a pour id : 2
I  [INFOS] Light 06/04/2020 < 17:20:21.6056 > Retourne tous les contracts qui on appartiennent à l'entreprise qui a pour id : 3
I  [INFOS] Light 06/04/2020 < 17:20:21.6145 > Retourne tous les molécules
I  [INFOS] Light 06/04/2020 < 17:20:21.6304 > Retourne tous les utilitées qui on appartiennent à la molécule qui a pour id : 1
I  [INFOS] Light 06/04/2020 < 17:20:21.6576 > Retourne tous les utilitées qui on appartiennent à la molécule qui a pour id : 2
I  [INFOS] Light 06/04/2020 < 17:20:21.6641 > Retourne tous les utilitées qui on appartiennent à la molécule qui a pour id : 3
I  [INFOS] Light 06/04/2020 < 17:20:21.6705 > Retourne tous les utilitées qui on appartiennent à la molécule qui a pour id : 4
I  [INFOS] Light 06/04/2020 < 17:20:21.6775 > Retourne tous les utilitées qui on appartiennent à la molécule qui a pour id : 5
I  [INFOS] Light 06/04/2020 < 17:24:50.6441 > Retourne toutes les entreprises
I  [INFOS] Light 06/04/2020 < 17:24:50.6669 > Retourne tous les contracts qui on appartiennent à l'entreprise qui a pour id : 1
I  [INFOS] Light 06/04/2020 < 17:24:50.6807 > Retourne tous les contracts qui on appartiennent à l'entreprise qui a pour id : 2
I  [INFOS] Light 06/04/2020 < 17:24:50.6907 > Retourne tous les contracts qui on appartiennent à l'entreprise qui a pour id : 3
I  [INFOS] Light 06/04/2020 < 17:24:50.7008 > Retourne tous les molécules
I  [INFOS] Light 06/04/2020 < 17:24:50.7257 > Retourne tous les utilitées qui on appartiennent à la molécule qui a pour id : 1
I  [INFOS] Light 06/04/2020 < 17:24:50.7596 > Retourne tous les utilitées qui on appartiennent à la molécule qui a pour id : 2
I  [INFOS] Light 06/04/2020 < 17:24:50.7686 > Retourne tous les utilitées qui on appartiennent à la molécule qui a pour id : 3
I  [INFOS] Light 06/04/2020 < 17:24:50.7776 > Retourne tous les utilitées qui on appartiennent à la molécule qui a pour id : 4
I  [INFOS] Light 06/04/2020 < 17:24:50.7876 > Retourne tous les utilitées qui on appartiennent à la molécule qui a pour id : 5
I  [INFOS] Light 06/04/2020 < 17:27:39.0770 > Retourne toutes les entreprises
I  [INFOS] Light 06/04/2020 < 17:27:39.0999 > Retourne tous les contracts qui on appartiennent à l'entreprise qui a pour id : 1
I  [INFOS] Light 06/04/2020 < 17:27:39.1129 > Retourne tous les contracts qui on appartiennent à l'entreprise qui a pour id : 2
I  [INFOS] Light 06/04/2020 < 17:27:39.1219 > Retourne tous les contracts qui on appartiennent à l'entreprise qui a pour id : 3
I  [INFOS] Light 06/04/2020 < 17:27:39.1329 > Retourne tous les molécules
I  [INFOS] Light 06/04/2020 < 17:27:39.1528 > Retourne tous les utilitées qui on appartiennent à la molécule qui a pour id : 1
I  [INFOS] Light 06/04/2020 < 17:27:39.1817 > Retourne tous les utilitées qui on appartiennent à la molécule qui a pour id : 2
I  [INFOS] Light 06/04/2020 < 17:27:39.1887 > Retourne tous les utilitées qui on appartiennent à la molécule qui a pour id : 3
I  [INFOS] Light 06/04/2020 < 17:27:39.1947 > Retourne tous les utilitées qui on appartiennent à la molécule qui a pour id : 4
I  [INFOS] Light 06/04/2020 < 17:27:39.2017 > Retourne tous les utilitées qui on appartiennent à la molécule qui a pour id : 5
I  [INFOS] Light 06/04/2020 < 17:31:00.5845 > Retourne toutes les entreprises
I  [INFOS] Light 06/04/2020 < 17:31:00.6074 > Retourne tous les contracts qui on appartiennent à l'entreprise qui a pour id : 1
I  [INFOS] Light 06/04/2020 < 17:31:00.6204 > Retourne tous les contracts qui on appartiennent à l'entreprise qui a pour id : 2
I  [INFOS] Light 06/04/2020 < 17:31:00.6284 > Retourne tous les contracts qui on appartiennent à l'entreprise qui a pour id : 3
I  [INFOS] Light 06/04/2020 < 17:31:00.6393 > Retourne tous les molécules
I  [INFOS] Light 06/04/2020 < 17:31:00.6613 > Retourne tous les utilitées qui on appartiennent à la molécule qui a pour id : 1
I  [INFOS] Light 06/04/2020 < 17:31:00.6942 > Retourne tous les utilitées qui on appartiennent à la molécule qui a pour id : 2
I  [INFOS] Light 06/04/2020 < 17:31:00.7012 > Retourne tous les utilitées qui on appartiennent à la molécule qui a pour id : 3
I  [INFOS] Light 06/04/2020 < 17:31:00.7082 > Retourne tous les utilitées qui on appartiennent à la molécule qui a pour id : 4
I  [INFOS] Light 06/04/2020 < 17:31:00.7151 > Retourne tous les utilitées qui on appartiennent à la molécule qui a pour id : 5
